[debug] [2018-06-11T13:28:29.959Z] ----------------------------------------------------------------------
[debug] [2018-06-11T13:28:29.961Z] Command:       C:\Program Files\nodejs\node.exe C:\Users\6979715\AppData\Roaming\npm\node_modules\firebase-tools\bin\firebase deploy
[debug] [2018-06-11T13:28:29.962Z] CLI Version:   3.18.6
[debug] [2018-06-11T13:28:29.962Z] Platform:      win32
[debug] [2018-06-11T13:28:29.962Z] Node Version:  v8.11.2
[debug] [2018-06-11T13:28:29.962Z] Time:          Mon Jun 11 2018 15:28:29 GMT+0200 (W. Europe Daylight Time)
[debug] [2018-06-11T13:28:29.962Z] ----------------------------------------------------------------------
[debug] 
[debug] [2018-06-11T13:28:29.987Z] > command requires scopes: ["email","openid","https://www.googleapis.com/auth/cloudplatformprojects.readonly","https://www.googleapis.com/auth/firebase","https://www.googleapis.com/auth/cloud-platform"]
[debug] [2018-06-11T13:28:29.991Z] > authorizing via signed-in user
[debug] [2018-06-11T13:28:29.995Z] >>> HTTP REQUEST GET https://admin.firebase.com/v1/projects/bandigare-8096d  
  
 Mon Jun 11 2018 15:28:29 GMT+0200 (W. Europe Daylight Time)
[debug] [2018-06-11T13:28:30.757Z] <<< HTTP RESPONSE 200
[debug] [2018-06-11T13:28:30.760Z] >>> HTTP REQUEST GET https://admin.firebase.com/v1/database/bandigare-8096d/tokens  
  
 Mon Jun 11 2018 15:28:30 GMT+0200 (W. Europe Daylight Time)
[debug] [2018-06-11T13:28:31.454Z] <<< HTTP RESPONSE 200
[info] 
[info] === Deploying to 'bandigare-8096d'...
[info] 
[info] i  deploying hosting
[info] i  hosting: preparing dist/bandigare directory for upload...
[debug] [2018-06-11T13:28:33.089Z] >>> HTTP REQUEST PUT https://deploy.firebase.com/v1/hosting/bandigare-8096d/uploads/-LEj1AETJtE_bZjvSzEo?fileCount=53&message=  
  
 Mon Jun 11 2018 15:28:33 GMT+0200 (W. Europe Daylight Time)
[debug] [2018-06-11T13:28:37.404Z] <<< HTTP RESPONSE 200
[debug] [2018-06-11T13:28:37.405Z] [hosting] .tgz uploaded successfully, waiting for extraction
